2026-04-01 16:47:10 [INFO] backend.main: ============================================================
2026-04-01 16:47:10 [INFO] backend.main: 🚀 Trend Hunter Futures Bot starting...
2026-04-01 16:47:10 [INFO] backend.main: ============================================================
2026-04-01 16:47:10 [DEBUG] aiosqlite: executing <function connect.<locals>.connector at 0x000001AEC21BA2A0>
2026-04-01 16:47:10 [DEBUG] aiosqlite: operation <function connect.<locals>.connector at 0x000001AEC21BA2A0> completed
2026-04-01 16:47:10 [DEBUG] aiosqlite: executing functools.partial(<built-in method create_function of sqlite3.Connection object at 0x000001AEC2197F10>, 'regexp', 2, <function SQLiteDialect_pysqlite.on_connect.<locals>.regexp at 0x000001AEC1CA5E40>, deterministic=True)
2026-04-01 16:47:10 [DEBUG] aiosqlite: operation functools.partial(<built-in method create_function of sqlite3.Connection object at 0x000001AEC2197F10>, 'regexp', 2, <function SQLiteDialect_pysqlite.on_connect.<locals>.regexp at 0x000001AEC1CA5E40>, deterministic=True) completed
2026-04-01 16:47:10 [DEBUG] aiosqlite: executing functools.partial(<built-in method create_function of sqlite3.Connection object at 0x000001AEC2197F10>, 'floor', 1, <built-in function floor>, deterministic=True)
2026-04-01 16:47:10 [DEBUG] aiosqlite: operation functools.partial(<built-in method create_function of sqlite3.Connection object at 0x000001AEC2197F10>, 'floor', 1, <built-in function floor>, deterministic=True) completed
2026-04-01 16:47:10 [DEBUG] aiosqlite: executing functools.partial(<built-in method cursor of sqlite3.Connection object at 0x000001AEC2197F10>)
2026-04-01 16:47:10 [DEBUG] aiosqlite: operation functools.partial(<built-in method cursor of sqlite3.Connection object at 0x000001AEC2197F10>) completed
2026-04-01 16:47:10 [DEBUG] aiosqlite: executing functools.partial(<built-in method execute of sqlite3.Cursor object at 0x000001AEC21C11C0>, 'PRAGMA read_uncommitted', [])
2026-04-01 16:47:10 [DEBUG] aiosqlite: operation functools.partial(<built-in method execute of sqlite3.Cursor object at 0x000001AEC21C11C0>, 'PRAGMA read_uncommitted', []) completed
2026-04-01 16:47:10 [DEBUG] aiosqlite: executing functools.partial(<built-in method fetchall of sqlite3.Cursor object at 0x000001AEC21C11C0>)
2026-04-01 16:47:10 [DEBUG] aiosqlite: operation functools.partial(<built-in method fetchall of sqlite3.Cursor object at 0x000001AEC21C11C0>) completed
2026-04-01 16:47:10 [DEBUG] aiosqlite: executing functools.partial(<built-in method close of sqlite3.Cursor object at 0x000001AEC21C11C0>)
2026-04-01 16:47:10 [DEBUG] aiosqlite: operation functools.partial(<built-in method close of sqlite3.Cursor object at 0x000001AEC21C11C0>) completed
2026-04-01 16:47:10 [DEBUG] aiosqlite: executing functools.partial(<built-in method rollback of sqlite3.Connection object at 0x000001AEC2197F10>)
2026-04-01 16:47:10 [DEBUG] aiosqlite: operation functools.partial(<built-in method rollback of sqlite3.Connection object at 0x000001AEC2197F10>) completed
2026-04-01 16:47:10 [DEBUG] aiosqlite: executing functools.partial(<built-in method cursor of sqlite3.Connection object at 0x000001AEC2197F10>)
2026-04-01 16:47:10 [DEBUG] aiosqlite: operation functools.partial(<built-in method cursor of sqlite3.Connection object at 0x000001AEC2197F10>) completed
2026-04-01 16:47:10 [DEBUG] aiosqlite: executing functools.partial(<built-in method execute of sqlite3.Cursor object at 0x000001AEC21C13C0>, 'PRAGMA main.table_info("trade_logs")', ())
2026-04-01 16:47:10 [DEBUG] aiosqlite: operation functools.partial(<built-in method execute of sqlite3.Cursor object at 0x000001AEC21C13C0>, 'PRAGMA main.table_info("trade_logs")', ()) completed
2026-04-01 16:47:10 [DEBUG] aiosqlite: executing functools.partial(<built-in method fetchall of sqlite3.Cursor object at 0x000001AEC21C13C0>)
2026-04-01 16:47:10 [DEBUG] aiosqlite: operation functools.partial(<built-in method fetchall of sqlite3.Cursor object at 0x000001AEC21C13C0>) completed
2026-04-01 16:47:10 [DEBUG] aiosqlite: executing functools.partial(<built-in method close of sqlite3.Cursor object at 0x000001AEC21C13C0>)
2026-04-01 16:47:10 [DEBUG] aiosqlite: operation functools.partial(<built-in method close of sqlite3.Cursor object at 0x000001AEC21C13C0>) completed
2026-04-01 16:47:10 [DEBUG] aiosqlite: executing functools.partial(<built-in method cursor of sqlite3.Connection object at 0x000001AEC2197F10>)
2026-04-01 16:47:10 [DEBUG] aiosqlite: operation functools.partial(<built-in method cursor of sqlite3.Connection object at 0x000001AEC2197F10>) completed
2026-04-01 16:47:10 [DEBUG] aiosqlite: executing functools.partial(<built-in method execute of sqlite3.Cursor object at 0x000001AEC21C1440>, 'PRAGMA main.table_info("bot_settings")', ())
2026-04-01 16:47:10 [DEBUG] aiosqlite: operation functools.partial(<built-in method execute of sqlite3.Cursor object at 0x000001AEC21C1440>, 'PRAGMA main.table_info("bot_settings")', ()) completed
2026-04-01 16:47:10 [DEBUG] aiosqlite: executing functools.partial(<built-in method fetchall of sqlite3.Cursor object at 0x000001AEC21C1440>)
2026-04-01 16:47:10 [DEBUG] aiosqlite: operation functools.partial(<built-in method fetchall of sqlite3.Cursor object at 0x000001AEC21C1440>) completed
2026-04-01 16:47:10 [DEBUG] aiosqlite: executing functools.partial(<built-in method close of sqlite3.Cursor object at 0x000001AEC21C1440>)
2026-04-01 16:47:10 [DEBUG] aiosqlite: operation functools.partial(<built-in method close of sqlite3.Cursor object at 0x000001AEC21C1440>) completed
2026-04-01 16:47:10 [DEBUG] aiosqlite: executing functools.partial(<built-in method commit of sqlite3.Connection object at 0x000001AEC2197F10>)
2026-04-01 16:47:10 [DEBUG] aiosqlite: operation functools.partial(<built-in method commit of sqlite3.Connection object at 0x000001AEC2197F10>) completed
2026-04-01 16:47:10 [DEBUG] aiosqlite: executing functools.partial(<built-in method rollback of sqlite3.Connection object at 0x000001AEC2197F10>)
2026-04-01 16:47:10 [DEBUG] aiosqlite: operation functools.partial(<built-in method rollback of sqlite3.Connection object at 0x000001AEC2197F10>) completed
2026-04-01 16:47:10 [DEBUG] aiosqlite: executing functools.partial(<built-in method close of sqlite3.Connection object at 0x000001AEC2197F10>)
2026-04-01 16:47:10 [DEBUG] aiosqlite: operation functools.partial(<built-in method close of sqlite3.Connection object at 0x000001AEC2197F10>) completed
2026-04-01 16:47:10 [INFO] backend.main: ✅ Database initialized
2026-04-01 16:47:10 [INFO] backend.scheduler.bot_runner: Bot initialized | Candles: 6x 15m | Buffer: 0.1%
2026-04-01 16:47:10 [INFO] backend.main: ✅ Bot initialized
2026-04-01 16:47:13 [INFO] backend.routers.dashboard: WebSocket client connected. Total: 1
2026-04-01 16:47:17 [INFO] backend.routers.dashboard: WebSocket client connected. Total: 2
2026-04-01 16:47:19 [INFO] backend.routers.dashboard: WebSocket client disconnected
2026-04-01 16:47:24 [DEBUG] urllib3.connectionpool: Starting new HTTPS connection (1): cdn-ind.testnet.deltaex.org:443
2026-04-01 16:47:24 [DEBUG] urllib3.connectionpool: https://cdn-ind.testnet.deltaex.org:443 "GET /v2/products/BTCUSD HTTP/1.1" 200 None
2026-04-01 16:47:24 [DEBUG] urllib3.connectionpool: https://cdn-ind.testnet.deltaex.org:443 "GET /v2/products/ETHUSD HTTP/1.1" 200 None
2026-04-01 16:47:24 [DEBUG] backend.exchange.delta_client: Signature generated | method=POST | path=/v2/orders/leverage | ts=1775062044 | qs=(none) | payload={"product_id":84,"leverage":"10"} | sig=017946f7e0b1981c...
2026-04-01 16:47:24 [DEBUG] backend.exchange.delta_client: Signature generated | method=POST | path=/v2/orders/leverage | ts=1775062044 | qs=(none) | payload={"product_id":84,"leverage":"10"} | sig=017946f7e0b1981c...
2026-04-01 16:47:25 [DEBUG] urllib3.connectionpool: https://cdn-ind.testnet.deltaex.org:443 "POST /v2/orders/leverage HTTP/1.1" 404 9
2026-04-01 16:47:25 [ERROR] backend.exchange.delta_client: Request failed (attempt 1/3): 404 Client Error: Not Found for url: https://cdn-ind.testnet.deltaex.org/v2/orders/leverage
2026-04-01 16:47:26 [DEBUG] backend.exchange.delta_client: Signature generated | method=POST | path=/v2/orders/leverage | ts=1775062046 | qs=(none) | payload={"product_id":84,"leverage":"10"} | sig=64dd3d5b519929eb...
2026-04-01 16:47:26 [DEBUG] urllib3.connectionpool: https://cdn-ind.testnet.deltaex.org:443 "POST /v2/orders/leverage HTTP/1.1" 404 9
2026-04-01 16:47:26 [ERROR] backend.exchange.delta_client: Request failed (attempt 2/3): 404 Client Error: Not Found for url: https://cdn-ind.testnet.deltaex.org/v2/orders/leverage
2026-04-01 16:47:28 [DEBUG] backend.exchange.delta_client: Signature generated | method=POST | path=/v2/orders/leverage | ts=1775062048 | qs=(none) | payload={"product_id":84,"leverage":"10"} | sig=287296427e6f1bb5...
2026-04-01 16:47:28 [DEBUG] urllib3.connectionpool: https://cdn-ind.testnet.deltaex.org:443 "POST /v2/orders/leverage HTTP/1.1" 404 9
2026-04-01 16:47:28 [ERROR] backend.exchange.delta_client: Request failed (attempt 3/3): 404 Client Error: Not Found for url: https://cdn-ind.testnet.deltaex.org/v2/orders/leverage
2026-04-01 16:47:28 [DEBUG] backend.exchange.delta_client: Signature generated | method=POST | path=/v2/orders/leverage | ts=1775062048 | qs=(none) | payload={"product_id":1699,"leverage":"10"} | sig=e31b74131999aae7...
2026-04-01 16:47:28 [DEBUG] backend.exchange.delta_client: Signature generated | method=POST | path=/v2/orders/leverage | ts=1775062048 | qs=(none) | payload={"product_id":1699,"leverage":"10"} | sig=e31b74131999aae7...
2026-04-01 16:47:28 [DEBUG] urllib3.connectionpool: https://cdn-ind.testnet.deltaex.org:443 "POST /v2/orders/leverage HTTP/1.1" 404 9
2026-04-01 16:47:28 [ERROR] backend.exchange.delta_client: Request failed (attempt 1/3): 404 Client Error: Not Found for url: https://cdn-ind.testnet.deltaex.org/v2/orders/leverage
2026-04-01 16:47:29 [DEBUG] backend.exchange.delta_client: Signature generated | method=POST | path=/v2/orders/leverage | ts=1775062049 | qs=(none) | payload={"product_id":1699,"leverage":"10"} | sig=a7776bafed9a8395...
2026-04-01 16:47:30 [DEBUG] urllib3.connectionpool: https://cdn-ind.testnet.deltaex.org:443 "POST /v2/orders/leverage HTTP/1.1" 404 9
2026-04-01 16:47:30 [ERROR] backend.exchange.delta_client: Request failed (attempt 2/3): 404 Client Error: Not Found for url: https://cdn-ind.testnet.deltaex.org/v2/orders/leverage
2026-04-01 16:47:32 [DEBUG] backend.exchange.delta_client: Signature generated | method=POST | path=/v2/orders/leverage | ts=1775062052 | qs=(none) | payload={"product_id":1699,"leverage":"10"} | sig=3aafec662f3c7849...
2026-04-01 16:47:32 [DEBUG] urllib3.connectionpool: https://cdn-ind.testnet.deltaex.org:443 "POST /v2/orders/leverage HTTP/1.1" 404 9
2026-04-01 16:47:32 [ERROR] backend.exchange.delta_client: Request failed (attempt 3/3): 404 Client Error: Not Found for url: https://cdn-ind.testnet.deltaex.org/v2/orders/leverage
2026-04-01 16:47:32 [INFO] backend.exchange.delta_ws: WebSocket task started
2026-04-01 16:47:32 [INFO] apscheduler.scheduler: Adding job tentatively -- it will be properly scheduled when the scheduler starts
2026-04-01 16:47:32 [INFO] apscheduler.scheduler: Adding job tentatively -- it will be properly scheduled when the scheduler starts
2026-04-01 16:47:32 [INFO] apscheduler.scheduler: Added job "BotRunner._run_strategy_check" to job store "default"
2026-04-01 16:47:32 [INFO] apscheduler.scheduler: Added job "BotRunner._health_check" to job store "default"
2026-04-01 16:47:32 [INFO] apscheduler.scheduler: Scheduler started
2026-04-01 16:47:32 [INFO] backend.scheduler.bot_runner: Bot STARTED | Checking every 10s | Symbols: ['BTCUSD', 'ETHUSD']
2026-04-01 16:47:32 [INFO] backend.exchange.delta_ws: Connecting to Delta WS: wss://socket.testnet.deltaex.org
2026-04-01 16:47:32 [DEBUG] apscheduler.scheduler: Looking for jobs to run
2026-04-01 16:47:32 [DEBUG] apscheduler.scheduler: Next wakeup is due at 2026-04-01 16:47:42.585396+00:00 (in 9.987898 seconds)
2026-04-01 16:47:32 [DEBUG] websockets.client: = connection is CONNECTING
2026-04-01 16:47:32 [DEBUG] websockets.client: > GET / HTTP/1.1
2026-04-01 16:47:32 [DEBUG] websockets.client: > Host: socket.testnet.deltaex.org
2026-04-01 16:47:32 [DEBUG] websockets.client: > Upgrade: websocket
2026-04-01 16:47:32 [DEBUG] websockets.client: > Connection: Upgrade
2026-04-01 16:47:32 [DEBUG] websockets.client: > Sec-WebSocket-Key: Zun4VRdUNo/BJT6dt1Oz7A==
2026-04-01 16:47:32 [DEBUG] websockets.client: > Sec-WebSocket-Version: 13
2026-04-01 16:47:32 [DEBUG] websockets.client: > Sec-WebSocket-Extensions: permessage-deflate; client_max_window_bits
2026-04-01 16:47:32 [DEBUG] websockets.client: > User-Agent: Python/3.13 websockets/13.0
2026-04-01 16:47:33 [DEBUG] websockets.client: < HTTP/1.1 101 Switching Protocols
2026-04-01 16:47:33 [DEBUG] websockets.client: < Connection: upgrade
2026-04-01 16:47:33 [DEBUG] websockets.client: < Server: nginx/1.14.2
2026-04-01 16:47:33 [DEBUG] websockets.client: < Date: Wed, 01 Apr 2026 16:47:33 GMT
2026-04-01 16:47:33 [DEBUG] websockets.client: < sec-websocket-accept: MUyS1jEfvFLvSAs8TdMwH7hEHe0=
2026-04-01 16:47:33 [DEBUG] websockets.client: < sec-websocket-extensions: permessage-deflate; client_max_window_bits=15
2026-04-01 16:47:33 [DEBUG] websockets.client: < upgrade: websocket
2026-04-01 16:47:33 [DEBUG] websockets.client: < Cache-Control: no-cache
2026-04-01 16:47:33 [DEBUG] websockets.client: < X-Cache: Miss from cloudfront
2026-04-01 16:47:33 [DEBUG] websockets.client: < Via: 1.1 8c35d9f8e012281d9fc1c918b8394b84.cloudfront.net (CloudFront)
2026-04-01 16:47:33 [DEBUG] websockets.client: < X-Amz-Cf-Pop: IAD61-P9
2026-04-01 16:47:33 [DEBUG] websockets.client: < X-Amz-Cf-Id: CcL3Vlk6Ig09z_Yuubh5bT7H5iiZbJaKTmYQM49xhlGs-WX98kUo6w==
2026-04-01 16:47:33 [DEBUG] websockets.client: = connection is OPEN
2026-04-01 16:47:33 [INFO] backend.exchange.delta_ws: WebSocket connected successfully
2026-04-01 16:47:33 [DEBUG] websockets.client: > TEXT '{"type": "subscribe", "payload": {"channels": [..."BTCUSD", "ETHUSD"]}]}}' [104 bytes]
2026-04-01 16:47:33 [INFO] backend.exchange.delta_ws: Subscribed to v2/ticker for: ['BTCUSD', 'ETHUSD']
2026-04-01 16:47:33 [DEBUG] websockets.client: < TEXT '{"channels":[{"name":"v2/ticker","symbols":["BT..."type":"subscriptions"}' [88 bytes]
2026-04-01 16:47:33 [INFO] backend.exchange.delta_ws: Active subscriptions: {'channels': [{'name': 'v2/ticker', 'symbols': ['BTCUSD', 'ETHUSD']}], 'type': 'subscriptions'}
2026-04-01 16:47:42 [DEBUG] apscheduler.scheduler: Looking for jobs to run
2026-04-01 16:47:42 [DEBUG] apscheduler.scheduler: Next wakeup is due at 2026-04-01 16:47:52.585396+00:00 (in 9.999150 seconds)
2026-04-01 16:47:42 [INFO] apscheduler.executors.default: Running job "BotRunner._run_strategy_check (trigger: interval[0:00:10], next run at: 2026-04-01 16:47:52 UTC)" (scheduled at 2026-04-01 16:47:42.585396+00:00)
2026-04-01 16:47:43 [DEBUG] urllib3.connectionpool: https://cdn-ind.testnet.deltaex.org:443 "GET /v2/history/candles?resolution=15m&symbol=BTCUSD&start=1775055762&end=1775062062 HTTP/1.1" 200 688
2026-04-01 16:47:43 [DEBUG] backend.exchange.delta_client: Fetched 7 candles for BTCUSD (15m)
2026-04-01 16:47:43 [INFO] backend.strategy.trend_hunter: [BTCUSD] Candle range (7 candles) | H: $68,958.30 L: $68,379.50 | Spread: $578.80 (0.85%) | Breakout: ↑$69,027.26 / ↓$68,311.12
2026-04-01 16:47:43 [INFO] backend.scheduler.bot_runner: [BTCUSD] Price: $68,833.00 | Breakout: UP $69,027.26 ($194.26 away) / DOWN $68,311.12 ($521.88 away) | Pos: None
2026-04-01 16:47:43 [DEBUG] urllib3.connectionpool: https://cdn-ind.testnet.deltaex.org:443 "GET /v2/history/candles?resolution=15m&symbol=ETHUSD&start=1775055763&end=1775062063 HTTP/1.1" 200 670
2026-04-01 16:47:43 [DEBUG] backend.exchange.delta_client: Fetched 7 candles for ETHUSD (15m)
2026-04-01 16:47:43 [INFO] backend.strategy.trend_hunter: [ETHUSD] Candle range (7 candles) | H: $2,150.60 L: $2,121.15 | Spread: $29.45 (1.39%) | Breakout: ↑$2,152.75 / ↓$2,119.03
2026-04-01 16:47:43 [INFO] backend.scheduler.bot_runner: [ETHUSD] Price: $2,145.25 | Breakout: UP $2,152.75 ($7.50 away) / DOWN $2,119.03 ($26.22 away) | Pos: None
2026-04-01 16:47:43 [INFO] apscheduler.executors.default: Job "BotRunner._run_strategy_check (trigger: interval[0:00:10], next run at: 2026-04-01 16:47:52 UTC)" executed successfully
2026-04-01 16:47:52 [DEBUG] apscheduler.scheduler: Looking for jobs to run
2026-04-01 16:47:52 [DEBUG] apscheduler.scheduler: Next wakeup is due at 2026-04-01 16:48:02.585396+00:00 (in 9.997622 seconds)
2026-04-01 16:47:52 [INFO] apscheduler.executors.default: Running job "BotRunner._run_strategy_check (trigger: interval[0:00:10], next run at: 2026-04-01 16:48:02 UTC)" (scheduled at 2026-04-01 16:47:52.585396+00:00)
2026-04-01 16:47:53 [DEBUG] urllib3.connectionpool: https://cdn-ind.testnet.deltaex.org:443 "GET /v2/history/candles?resolution=15m&symbol=BTCUSD&start=1775055772&end=1775062072 HTTP/1.1" 200 688
2026-04-01 16:47:53 [DEBUG] backend.exchange.delta_client: Fetched 7 candles for BTCUSD (15m)
2026-04-01 16:47:53 [INFO] backend.strategy.trend_hunter: [BTCUSD] Candle range (7 candles) | H: $68,958.30 L: $68,379.50 | Spread: $578.80 (0.85%) | Breakout: ↑$69,027.26 / ↓$68,311.12
2026-04-01 16:47:53 [INFO] backend.scheduler.bot_runner: [BTCUSD] Price: $68,833.00 | Breakout: UP $69,027.26 ($194.26 away) / DOWN $68,311.12 ($521.88 away) | Pos: None
2026-04-01 16:47:53 [DEBUG] urllib3.connectionpool: https://cdn-ind.testnet.deltaex.org:443 "GET /v2/history/candles?resolution=15m&symbol=ETHUSD&start=1775055773&end=1775062073 HTTP/1.1" 200 670
2026-04-01 16:47:53 [DEBUG] backend.exchange.delta_client: Fetched 7 candles for ETHUSD (15m)
2026-04-01 16:47:53 [INFO] backend.strategy.trend_hunter: [ETHUSD] Candle range (7 candles) | H: $2,150.60 L: $2,121.15 | Spread: $29.45 (1.39%) | Breakout: ↑$2,152.75 / ↓$2,119.03
2026-04-01 16:47:53 [INFO] backend.scheduler.bot_runner: [ETHUSD] Price: $2,145.25 | Breakout: UP $2,152.75 ($7.50 away) / DOWN $2,119.03 ($26.22 away) | Pos: None
2026-04-01 16:47:53 [INFO] apscheduler.executors.default: Job "BotRunner._run_strategy_check (trigger: interval[0:00:10], next run at: 2026-04-01 16:48:02 UTC)" executed successfully
2026-04-01 16:48:02 [DEBUG] apscheduler.scheduler: Looking for jobs to run
2026-04-01 16:48:02 [DEBUG] apscheduler.scheduler: Next wakeup is due at 2026-04-01 16:48:12.585396+00:00 (in 9.999118 seconds)
2026-04-01 16:48:02 [INFO] apscheduler.executors.default: Running job "BotRunner._run_strategy_check (trigger: interval[0:00:10], next run at: 2026-04-01 16:48:12 UTC)" (scheduled at 2026-04-01 16:48:02.585396+00:00)
2026-04-01 16:48:03 [DEBUG] urllib3.connectionpool: https://cdn-ind.testnet.deltaex.org:443 "GET /v2/history/candles?resolution=15m&symbol=BTCUSD&start=1775055782&end=1775062082 HTTP/1.1" 200 690
2026-04-01 16:48:03 [DEBUG] backend.exchange.delta_client: Fetched 7 candles for BTCUSD (15m)
2026-04-01 16:48:03 [INFO] backend.strategy.trend_hunter: [BTCUSD] Candle range (7 candles) | H: $68,958.30 L: $68,379.50 | Spread: $578.80 (0.85%) | Breakout: ↑$69,027.26 / ↓$68,311.12
2026-04-01 16:48:03 [INFO] backend.scheduler.bot_runner: [BTCUSD] Price: $68,831.20 | Breakout: UP $69,027.26 ($196.06 away) / DOWN $68,311.12 ($520.08 away) | Pos: None
2026-04-01 16:48:03 [DEBUG] urllib3.connectionpool: https://cdn-ind.testnet.deltaex.org:443 "GET /v2/history/candles?resolution=15m&symbol=ETHUSD&start=1775055783&end=1775062083 HTTP/1.1" 200 670
2026-04-01 16:48:03 [DEBUG] backend.exchange.delta_client: Fetched 7 candles for ETHUSD (15m)
2026-04-01 16:48:03 [INFO] backend.strategy.trend_hunter: [ETHUSD] Candle range (7 candles) | H: $2,150.60 L: $2,121.15 | Spread: $29.45 (1.39%) | Breakout: ↑$2,152.75 / ↓$2,119.03
2026-04-01 16:48:03 [INFO] backend.scheduler.bot_runner: [ETHUSD] Price: $2,145.95 | Breakout: UP $2,152.75 ($6.80 away) / DOWN $2,119.03 ($26.92 away) | Pos: None
2026-04-01 16:48:03 [INFO] apscheduler.executors.default: Job "BotRunner._run_strategy_check (trigger: interval[0:00:10], next run at: 2026-04-01 16:48:12 UTC)" executed successfully
2026-04-01 16:48:03 [DEBUG] websockets.client: % sending keepalive ping
2026-04-01 16:48:03 [DEBUG] websockets.client: > PING 47 60 ef 0c [binary, 4 bytes]
2026-04-01 16:48:03 [DEBUG] websockets.client: < PONG 47 60 ef 0c [binary, 4 bytes]
2026-04-01 16:48:03 [DEBUG] websockets.client: % received keepalive pong
2026-04-01 16:48:12 [DEBUG] apscheduler.scheduler: Looking for jobs to run
2026-04-01 16:48:12 [DEBUG] apscheduler.scheduler: Next wakeup is due at 2026-04-01 16:48:22.585396+00:00 (in 9.953202 seconds)
2026-04-01 16:48:12 [INFO] apscheduler.executors.default: Running job "BotRunner._run_strategy_check (trigger: interval[0:00:10], next run at: 2026-04-01 16:48:22 UTC)" (scheduled at 2026-04-01 16:48:12.585396+00:00)
2026-04-01 16:48:13 [DEBUG] urllib3.connectionpool: https://cdn-ind.testnet.deltaex.org:443 "GET /v2/history/candles?resolution=15m&symbol=BTCUSD&start=1775055792&end=1775062092 HTTP/1.1" 200 690
2026-04-01 16:48:13 [DEBUG] backend.exchange.delta_client: Fetched 7 candles for BTCUSD (15m)
2026-04-01 16:48:13 [INFO] backend.strategy.trend_hunter: [BTCUSD] Candle range (7 candles) | H: $68,958.30 L: $68,379.50 | Spread: $578.80 (0.85%) | Breakout: ↑$69,027.26 / ↓$68,311.12
2026-04-01 16:48:13 [INFO] backend.scheduler.bot_runner: [BTCUSD] Price: $68,831.20 | Breakout: UP $69,027.26 ($196.06 away) / DOWN $68,311.12 ($520.08 away) | Pos: None
2026-04-01 16:48:13 [DEBUG] urllib3.connectionpool: https://cdn-ind.testnet.deltaex.org:443 "GET /v2/history/candles?resolution=15m&symbol=ETHUSD&start=1775055793&end=1775062093 HTTP/1.1" 200 670
2026-04-01 16:48:13 [DEBUG] backend.exchange.delta_client: Fetched 7 candles for ETHUSD (15m)
2026-04-01 16:48:13 [INFO] backend.strategy.trend_hunter: [ETHUSD] Candle range (7 candles) | H: $2,150.60 L: $2,121.15 | Spread: $29.45 (1.39%) | Breakout: ↑$2,152.75 / ↓$2,119.03
2026-04-01 16:48:13 [INFO] backend.scheduler.bot_runner: [ETHUSD] Price: $2,145.95 | Breakout: UP $2,152.75 ($6.80 away) / DOWN $2,119.03 ($26.92 away) | Pos: None
2026-04-01 16:48:13 [INFO] apscheduler.executors.default: Job "BotRunner._run_strategy_check (trigger: interval[0:00:10], next run at: 2026-04-01 16:48:22 UTC)" executed successfully
2026-04-01 16:48:22 [DEBUG] apscheduler.scheduler: Looking for jobs to run
2026-04-01 16:48:22 [DEBUG] apscheduler.scheduler: Next wakeup is due at 2026-04-01 16:48:32.585396+00:00 (in 9.998107 seconds)
2026-04-01 16:48:22 [INFO] apscheduler.executors.default: Running job "BotRunner._run_strategy_check (trigger: interval[0:00:10], next run at: 2026-04-01 16:48:32 UTC)" (scheduled at 2026-04-01 16:48:22.585396+00:00)
2026-04-01 16:48:22 [DEBUG] urllib3.connectionpool: https://cdn-ind.testnet.deltaex.org:443 "GET /v2/history/candles?resolution=15m&symbol=BTCUSD&start=1775055802&end=1775062102 HTTP/1.1" 200 690
2026-04-01 16:48:22 [DEBUG] backend.exchange.delta_client: Fetched 7 candles for BTCUSD (15m)
2026-04-01 16:48:22 [INFO] backend.strategy.trend_hunter: [BTCUSD] Candle range (7 candles) | H: $68,958.30 L: $68,379.50 | Spread: $578.80 (0.85%) | Breakout: ↑$69,027.26 / ↓$68,311.12
2026-04-01 16:48:22 [INFO] backend.scheduler.bot_runner: [BTCUSD] Price: $68,831.20 | Breakout: UP $69,027.26 ($196.06 away) / DOWN $68,311.12 ($520.08 away) | Pos: None
2026-04-01 16:48:23 [DEBUG] urllib3.connectionpool: https://cdn-ind.testnet.deltaex.org:443 "GET /v2/history/candles?resolution=15m&symbol=ETHUSD&start=1775055802&end=1775062102 HTTP/1.1" 200 670
2026-04-01 16:48:23 [DEBUG] backend.exchange.delta_client: Fetched 7 candles for ETHUSD (15m)
2026-04-01 16:48:23 [INFO] backend.strategy.trend_hunter: [ETHUSD] Candle range (7 candles) | H: $2,150.60 L: $2,121.15 | Spread: $29.45 (1.39%) | Breakout: ↑$2,152.75 / ↓$2,119.03
2026-04-01 16:48:23 [INFO] backend.scheduler.bot_runner: [ETHUSD] Price: $2,145.95 | Breakout: UP $2,152.75 ($6.80 away) / DOWN $2,119.03 ($26.92 away) | Pos: None
2026-04-01 16:48:23 [INFO] apscheduler.executors.default: Job "BotRunner._run_strategy_check (trigger: interval[0:00:10], next run at: 2026-04-01 16:48:32 UTC)" executed successfully
2026-04-01 16:48:32 [DEBUG] apscheduler.scheduler: Looking for jobs to run
2026-04-01 16:48:32 [DEBUG] apscheduler.scheduler: Next wakeup is due at 2026-04-01 16:48:42.585396+00:00 (in 9.998650 seconds)
2026-04-01 16:48:32 [INFO] apscheduler.executors.default: Running job "BotRunner._run_strategy_check (trigger: interval[0:00:10], next run at: 2026-04-01 16:48:42 UTC)" (scheduled at 2026-04-01 16:48:32.585396+00:00)
2026-04-01 16:48:33 [DEBUG] urllib3.connectionpool: https://cdn-ind.testnet.deltaex.org:443 "GET /v2/history/candles?resolution=15m&symbol=BTCUSD&start=1775055812&end=1775062112 HTTP/1.1" 200 690
2026-04-01 16:48:33 [DEBUG] backend.exchange.delta_client: Fetched 7 candles for BTCUSD (15m)
2026-04-01 16:48:33 [INFO] backend.strategy.trend_hunter: [BTCUSD] Candle range (7 candles) | H: $68,958.30 L: $68,379.50 | Spread: $578.80 (0.85%) | Breakout: ↑$69,027.26 / ↓$68,311.12
2026-04-01 16:48:33 [INFO] backend.scheduler.bot_runner: [BTCUSD] Price: $68,831.20 | Breakout: UP $69,027.26 ($196.06 away) / DOWN $68,311.12 ($520.08 away) | Pos: None
2026-04-01 16:48:33 [DEBUG] urllib3.connectionpool: https://cdn-ind.testnet.deltaex.org:443 "GET /v2/history/candles?resolution=15m&symbol=ETHUSD&start=1775055813&end=1775062113 HTTP/1.1" 200 670
2026-04-01 16:48:33 [DEBUG] backend.exchange.delta_client: Fetched 7 candles for ETHUSD (15m)
2026-04-01 16:48:33 [INFO] backend.strategy.trend_hunter: [ETHUSD] Candle range (7 candles) | H: $2,150.60 L: $2,121.15 | Spread: $29.45 (1.39%) | Breakout: ↑$2,152.75 / ↓$2,119.03
2026-04-01 16:48:33 [INFO] backend.scheduler.bot_runner: [ETHUSD] Price: $2,145.95 | Breakout: UP $2,152.75 ($6.80 away) / DOWN $2,119.03 ($26.92 away) | Pos: None
2026-04-01 16:48:33 [INFO] apscheduler.executors.default: Job "BotRunner._run_strategy_check (trigger: interval[0:00:10], next run at: 2026-04-01 16:48:42 UTC)" executed successfully
2026-04-01 16:48:33 [INFO] apscheduler.executors.default: Running job "BotRunner._health_check (trigger: interval[0:01:00], next run at: 2026-04-01 16:49:32 UTC)" (scheduled at 2026-04-01 16:48:32.585906+00:00)
2026-04-01 16:48:33 [INFO] apscheduler.executors.default: Job "BotRunner._health_check (trigger: interval[0:01:00], next run at: 2026-04-01 16:49:32 UTC)" executed successfully
2026-04-01 16:48:33 [DEBUG] websockets.client: % sending keepalive ping
2026-04-01 16:48:33 [DEBUG] websockets.client: > PING 2f 24 ed 52 [binary, 4 bytes]
2026-04-01 16:48:34 [DEBUG] websockets.client: < PONG 2f 24 ed 52 [binary, 4 bytes]
2026-04-01 16:48:34 [DEBUG] websockets.client: % received keepalive pong
2026-04-01 16:48:42 [DEBUG] apscheduler.scheduler: Looking for jobs to run
2026-04-01 16:48:42 [DEBUG] apscheduler.scheduler: Next wakeup is due at 2026-04-01 16:48:52.585396+00:00 (in 9.914354 seconds)
2026-04-01 16:48:42 [INFO] apscheduler.executors.default: Running job "BotRunner._run_strategy_check (trigger: interval[0:00:10], next run at: 2026-04-01 16:48:52 UTC)" (scheduled at 2026-04-01 16:48:42.585396+00:00)
2026-04-01 16:48:43 [DEBUG] urllib3.connectionpool: https://cdn-ind.testnet.deltaex.org:443 "GET /v2/history/candles?resolution=15m&symbol=BTCUSD&start=1775055822&end=1775062122 HTTP/1.1" 200 690
2026-04-01 16:48:43 [DEBUG] backend.exchange.delta_client: Fetched 7 candles for BTCUSD (15m)
2026-04-01 16:48:43 [INFO] backend.strategy.trend_hunter: [BTCUSD] Candle range (7 candles) | H: $68,958.30 L: $68,379.50 | Spread: $578.80 (0.85%) | Breakout: ↑$69,027.26 / ↓$68,311.12
2026-04-01 16:48:43 [INFO] backend.scheduler.bot_runner: [BTCUSD] Price: $68,831.20 | Breakout: UP $69,027.26 ($196.06 away) / DOWN $68,311.12 ($520.08 away) | Pos: None
2026-04-01 16:48:43 [DEBUG] urllib3.connectionpool: https://cdn-ind.testnet.deltaex.org:443 "GET /v2/history/candles?resolution=15m&symbol=ETHUSD&start=1775055823&end=1775062123 HTTP/1.1" 200 670
2026-04-01 16:48:43 [DEBUG] backend.exchange.delta_client: Fetched 7 candles for ETHUSD (15m)
2026-04-01 16:48:43 [INFO] backend.strategy.trend_hunter: [ETHUSD] Candle range (7 candles) | H: $2,150.60 L: $2,121.15 | Spread: $29.45 (1.39%) | Breakout: ↑$2,152.75 / ↓$2,119.03
2026-04-01 16:48:43 [INFO] backend.scheduler.bot_runner: [ETHUSD] Price: $2,145.95 | Breakout: UP $2,152.75 ($6.80 away) / DOWN $2,119.03 ($26.92 away) | Pos: None
2026-04-01 16:48:43 [INFO] apscheduler.executors.default: Job "BotRunner._run_strategy_check (trigger: interval[0:00:10], next run at: 2026-04-01 16:48:52 UTC)" executed successfully
2026-04-01 16:48:52 [DEBUG] apscheduler.scheduler: Looking for jobs to run
2026-04-01 16:48:52 [DEBUG] apscheduler.scheduler: Next wakeup is due at 2026-04-01 16:49:02.585396+00:00 (in 9.998758 seconds)
2026-04-01 16:48:52 [INFO] apscheduler.executors.default: Running job "BotRunner._run_strategy_check (trigger: interval[0:00:10], next run at: 2026-04-01 16:49:02 UTC)" (scheduled at 2026-04-01 16:48:52.585396+00:00)
2026-04-01 16:48:52 [DEBUG] urllib3.connectionpool: https://cdn-ind.testnet.deltaex.org:443 "GET /v2/history/candles?resolution=15m&symbol=BTCUSD&start=1775055832&end=1775062132 HTTP/1.1" 200 690
2026-04-01 16:48:52 [DEBUG] backend.exchange.delta_client: Fetched 7 candles for BTCUSD (15m)
2026-04-01 16:48:52 [INFO] backend.strategy.trend_hunter: [BTCUSD] Candle range (7 candles) | H: $68,958.30 L: $68,379.50 | Spread: $578.80 (0.85%) | Breakout: ↑$69,027.26 / ↓$68,311.12
2026-04-01 16:48:52 [INFO] backend.scheduler.bot_runner: [BTCUSD] Price: $68,831.20 | Breakout: UP $69,027.26 ($196.06 away) / DOWN $68,311.12 ($520.08 away) | Pos: None
2026-04-01 16:48:53 [DEBUG] urllib3.connectionpool: https://cdn-ind.testnet.deltaex.org:443 "GET /v2/history/candles?resolution=15m&symbol=ETHUSD&start=1775055832&end=1775062132 HTTP/1.1" 200 670
2026-04-01 16:48:53 [DEBUG] backend.exchange.delta_client: Fetched 7 candles for ETHUSD (15m)
2026-04-01 16:48:53 [INFO] backend.strategy.trend_hunter: [ETHUSD] Candle range (7 candles) | H: $2,150.60 L: $2,121.15 | Spread: $29.45 (1.39%) | Breakout: ↑$2,152.75 / ↓$2,119.03
2026-04-01 16:48:53 [INFO] backend.scheduler.bot_runner: [ETHUSD] Price: $2,145.95 | Breakout: UP $2,152.75 ($6.80 away) / DOWN $2,119.03 ($26.92 away) | Pos: None
2026-04-01 16:48:53 [INFO] apscheduler.executors.default: Job "BotRunner._run_strategy_check (trigger: interval[0:00:10], next run at: 2026-04-01 16:49:02 UTC)" executed successfully
2026-04-01 16:49:02 [DEBUG] apscheduler.scheduler: Looking for jobs to run
2026-04-01 16:49:02 [DEBUG] apscheduler.scheduler: Next wakeup is due at 2026-04-01 16:49:12.585396+00:00 (in 9.998623 seconds)
2026-04-01 16:49:02 [INFO] apscheduler.executors.default: Running job "BotRunner._run_strategy_check (trigger: interval[0:00:10], next run at: 2026-04-01 16:49:12 UTC)" (scheduled at 2026-04-01 16:49:02.585396+00:00)
2026-04-01 16:49:03 [DEBUG] urllib3.connectionpool: https://cdn-ind.testnet.deltaex.org:443 "GET /v2/history/candles?resolution=15m&symbol=BTCUSD&start=1775055842&end=1775062142 HTTP/1.1" 200 691
2026-04-01 16:49:03 [DEBUG] backend.exchange.delta_client: Fetched 7 candles for BTCUSD (15m)
2026-04-01 16:49:03 [INFO] backend.strategy.trend_hunter: [BTCUSD] Candle range (7 candles) | H: $68,958.30 L: $68,379.50 | Spread: $578.80 (0.85%) | Breakout: ↑$69,027.26 / ↓$68,311.12
2026-04-01 16:49:03 [INFO] backend.scheduler.bot_runner: [BTCUSD] Price: $68,810.60 | Breakout: UP $69,027.26 ($216.66 away) / DOWN $68,311.12 ($499.48 away) | Pos: None
2026-04-01 16:49:03 [DEBUG] urllib3.connectionpool: https://cdn-ind.testnet.deltaex.org:443 "GET /v2/history/candles?resolution=15m&symbol=ETHUSD&start=1775055843&end=1775062143 HTTP/1.1" 200 670
2026-04-01 16:49:03 [DEBUG] backend.exchange.delta_client: Fetched 7 candles for ETHUSD (15m)
2026-04-01 16:49:03 [INFO] backend.strategy.trend_hunter: [ETHUSD] Candle range (7 candles) | H: $2,150.60 L: $2,121.15 | Spread: $29.45 (1.39%) | Breakout: ↑$2,152.75 / ↓$2,119.03
2026-04-01 16:49:03 [INFO] backend.scheduler.bot_runner: [ETHUSD] Price: $2,144.65 | Breakout: UP $2,152.75 ($8.10 away) / DOWN $2,119.03 ($25.62 away) | Pos: None
2026-04-01 16:49:03 [INFO] apscheduler.executors.default: Job "BotRunner._run_strategy_check (trigger: interval[0:00:10], next run at: 2026-04-01 16:49:12 UTC)" executed successfully
2026-04-01 16:49:04 [DEBUG] websockets.client: % sending keepalive ping
2026-04-01 16:49:04 [DEBUG] websockets.client: > PING 0c d9 86 c0 [binary, 4 bytes]
2026-04-01 16:49:04 [DEBUG] websockets.client: < PONG 0c d9 86 c0 [binary, 4 bytes]
2026-04-01 16:49:04 [DEBUG] websockets.client: % received keepalive pong
2026-04-01 16:49:12 [DEBUG] apscheduler.scheduler: Looking for jobs to run
2026-04-01 16:49:12 [DEBUG] apscheduler.scheduler: Next wakeup is due at 2026-04-01 16:49:22.585396+00:00 (in 9.983473 seconds)
2026-04-01 16:49:12 [INFO] apscheduler.executors.default: Running job "BotRunner._run_strategy_check (trigger: interval[0:00:10], next run at: 2026-04-01 16:49:22 UTC)" (scheduled at 2026-04-01 16:49:12.585396+00:00)
2026-04-01 16:49:13 [DEBUG] urllib3.connectionpool: https://cdn-ind.testnet.deltaex.org:443 "GET /v2/history/candles?resolution=15m&symbol=BTCUSD&start=1775055852&end=1775062152 HTTP/1.1" 200 691
2026-04-01 16:49:13 [DEBUG] backend.exchange.delta_client: Fetched 7 candles for BTCUSD (15m)
2026-04-01 16:49:13 [INFO] backend.strategy.trend_hunter: [BTCUSD] Candle range (7 candles) | H: $68,958.30 L: $68,379.50 | Spread: $578.80 (0.85%) | Breakout: ↑$69,027.26 / ↓$68,311.12
2026-04-01 16:49:13 [INFO] backend.scheduler.bot_runner: [BTCUSD] Price: $68,810.60 | Breakout: UP $69,027.26 ($216.66 away) / DOWN $68,311.12 ($499.48 away) | Pos: None
2026-04-01 16:49:13 [DEBUG] urllib3.connectionpool: https://cdn-ind.testnet.deltaex.org:443 "GET /v2/history/candles?resolution=15m&symbol=ETHUSD&start=1775055853&end=1775062153 HTTP/1.1" 200 670
2026-04-01 16:49:13 [DEBUG] backend.exchange.delta_client: Fetched 7 candles for ETHUSD (15m)
2026-04-01 16:49:13 [INFO] backend.strategy.trend_hunter: [ETHUSD] Candle range (7 candles) | H: $2,150.60 L: $2,121.15 | Spread: $29.45 (1.39%) | Breakout: ↑$2,152.75 / ↓$2,119.03
2026-04-01 16:49:13 [INFO] backend.scheduler.bot_runner: [ETHUSD] Price: $2,144.65 | Breakout: UP $2,152.75 ($8.10 away) / DOWN $2,119.03 ($25.62 away) | Pos: None
2026-04-01 16:49:13 [INFO] apscheduler.executors.default: Job "BotRunner._run_strategy_check (trigger: interval[0:00:10], next run at: 2026-04-01 16:49:22 UTC)" executed successfully
2026-04-01 16:49:22 [DEBUG] apscheduler.scheduler: Looking for jobs to run
2026-04-01 16:49:22 [DEBUG] apscheduler.scheduler: Next wakeup is due at 2026-04-01 16:49:32.585396+00:00 (in 9.995413 seconds)
2026-04-01 16:49:22 [INFO] apscheduler.executors.default: Running job "BotRunner._run_strategy_check (trigger: interval[0:00:10], next run at: 2026-04-01 16:49:32 UTC)" (scheduled at 2026-04-01 16:49:22.585396+00:00)
2026-04-01 16:49:22 [DEBUG] urllib3.connectionpool: https://cdn-ind.testnet.deltaex.org:443 "GET /v2/history/candles?resolution=15m&symbol=BTCUSD&start=1775055862&end=1775062162 HTTP/1.1" 200 691
2026-04-01 16:49:22 [DEBUG] backend.exchange.delta_client: Fetched 7 candles for BTCUSD (15m)
2026-04-01 16:49:22 [INFO] backend.strategy.trend_hunter: [BTCUSD] Candle range (7 candles) | H: $68,958.30 L: $68,379.50 | Spread: $578.80 (0.85%) | Breakout: ↑$69,027.26 / ↓$68,311.12
2026-04-01 16:49:22 [INFO] backend.scheduler.bot_runner: [BTCUSD] Price: $68,810.60 | Breakout: UP $69,027.26 ($216.66 away) / DOWN $68,311.12 ($499.48 away) | Pos: None
2026-04-01 16:49:22 [DEBUG] urllib3.connectionpool: https://cdn-ind.testnet.deltaex.org:443 "GET /v2/history/candles?resolution=15m&symbol=ETHUSD&start=1775055862&end=1775062162 HTTP/1.1" 200 670
2026-04-01 16:49:22 [DEBUG] backend.exchange.delta_client: Fetched 7 candles for ETHUSD (15m)
2026-04-01 16:49:22 [INFO] backend.strategy.trend_hunter: [ETHUSD] Candle range (7 candles) | H: $2,150.60 L: $2,121.15 | Spread: $29.45 (1.39%) | Breakout: ↑$2,152.75 / ↓$2,119.03
2026-04-01 16:49:22 [INFO] backend.scheduler.bot_runner: [ETHUSD] Price: $2,144.65 | Breakout: UP $2,152.75 ($8.10 away) / DOWN $2,119.03 ($25.62 away) | Pos: None
2026-04-01 16:49:22 [INFO] apscheduler.executors.default: Job "BotRunner._run_strategy_check (trigger: interval[0:00:10], next run at: 2026-04-01 16:49:32 UTC)" executed successfully
2026-04-01 16:49:32 [DEBUG] apscheduler.scheduler: Looking for jobs to run
2026-04-01 16:49:32 [DEBUG] apscheduler.scheduler: Next wakeup is due at 2026-04-01 16:49:42.585396+00:00 (in 9.983324 seconds)
2026-04-01 16:49:32 [INFO] apscheduler.executors.default: Running job "BotRunner._run_strategy_check (trigger: interval[0:00:10], next run at: 2026-04-01 16:49:42 UTC)" (scheduled at 2026-04-01 16:49:32.585396+00:00)
2026-04-01 16:49:33 [DEBUG] urllib3.connectionpool: https://cdn-ind.testnet.deltaex.org:443 "GET /v2/history/candles?resolution=15m&symbol=BTCUSD&start=1775055872&end=1775062172 HTTP/1.1" 200 691
2026-04-01 16:49:33 [DEBUG] backend.exchange.delta_client: Fetched 7 candles for BTCUSD (15m)
2026-04-01 16:49:33 [INFO] backend.strategy.trend_hunter: [BTCUSD] Candle range (7 candles) | H: $68,958.30 L: $68,379.50 | Spread: $578.80 (0.85%) | Breakout: ↑$69,027.26 / ↓$68,311.12
2026-04-01 16:49:33 [INFO] backend.scheduler.bot_runner: [BTCUSD] Price: $68,810.60 | Breakout: UP $69,027.26 ($216.66 away) / DOWN $68,311.12 ($499.48 away) | Pos: None
2026-04-01 16:49:33 [DEBUG] urllib3.connectionpool: https://cdn-ind.testnet.deltaex.org:443 "GET /v2/history/candles?resolution=15m&symbol=ETHUSD&start=1775055873&end=1775062173 HTTP/1.1" 200 670
2026-04-01 16:49:33 [DEBUG] backend.exchange.delta_client: Fetched 7 candles for ETHUSD (15m)
2026-04-01 16:49:33 [INFO] backend.strategy.trend_hunter: [ETHUSD] Candle range (7 candles) | H: $2,150.60 L: $2,121.15 | Spread: $29.45 (1.39%) | Breakout: ↑$2,152.75 / ↓$2,119.03
2026-04-01 16:49:33 [INFO] backend.scheduler.bot_runner: [ETHUSD] Price: $2,144.65 | Breakout: UP $2,152.75 ($8.10 away) / DOWN $2,119.03 ($25.62 away) | Pos: None
2026-04-01 16:49:33 [INFO] apscheduler.executors.default: Job "BotRunner._run_strategy_check (trigger: interval[0:00:10], next run at: 2026-04-01 16:49:42 UTC)" executed successfully
2026-04-01 16:49:33 [INFO] apscheduler.executors.default: Running job "BotRunner._health_check (trigger: interval[0:01:00], next run at: 2026-04-01 16:50:32 UTC)" (scheduled at 2026-04-01 16:49:32.585906+00:00)
2026-04-01 16:49:33 [INFO] apscheduler.executors.default: Job "BotRunner._health_check (trigger: interval[0:01:00], next run at: 2026-04-01 16:50:32 UTC)" executed successfully
2026-04-01 16:49:34 [DEBUG] websockets.client: % sending keepalive ping
2026-04-01 16:49:34 [DEBUG] websockets.client: > PING 43 79 f0 76 [binary, 4 bytes]
2026-04-01 16:49:34 [DEBUG] websockets.client: < PONG 43 79 f0 76 [binary, 4 bytes]
2026-04-01 16:49:34 [DEBUG] websockets.client: % received keepalive pong
2026-04-01 16:49:42 [DEBUG] apscheduler.scheduler: Looking for jobs to run
2026-04-01 16:49:42 [DEBUG] apscheduler.scheduler: Next wakeup is due at 2026-04-01 16:49:52.585396+00:00 (in 9.994810 seconds)
2026-04-01 16:49:42 [INFO] apscheduler.executors.default: Running job "BotRunner._run_strategy_check (trigger: interval[0:00:10], next run at: 2026-04-01 16:49:52 UTC)" (scheduled at 2026-04-01 16:49:42.585396+00:00)
2026-04-01 16:49:43 [DEBUG] urllib3.connectionpool: https://cdn-ind.testnet.deltaex.org:443 "GET /v2/history/candles?resolution=15m&symbol=BTCUSD&start=1775055882&end=1775062182 HTTP/1.1" 200 691
2026-04-01 16:49:43 [DEBUG] backend.exchange.delta_client: Fetched 7 candles for BTCUSD (15m)
2026-04-01 16:49:43 [INFO] backend.strategy.trend_hunter: [BTCUSD] Candle range (7 candles) | H: $68,958.30 L: $68,379.50 | Spread: $578.80 (0.85%) | Breakout: ↑$69,027.26 / ↓$68,311.12
2026-04-01 16:49:43 [INFO] backend.scheduler.bot_runner: [BTCUSD] Price: $68,810.60 | Breakout: UP $69,027.26 ($216.66 away) / DOWN $68,311.12 ($499.48 away) | Pos: None
2026-04-01 16:49:43 [DEBUG] urllib3.connectionpool: https://cdn-ind.testnet.deltaex.org:443 "GET /v2/history/candles?resolution=15m&symbol=ETHUSD&start=1775055883&end=1775062183 HTTP/1.1" 200 670
2026-04-01 16:49:43 [DEBUG] backend.exchange.delta_client: Fetched 7 candles for ETHUSD (15m)
2026-04-01 16:49:43 [INFO] backend.strategy.trend_hunter: [ETHUSD] Candle range (7 candles) | H: $2,150.60 L: $2,121.15 | Spread: $29.45 (1.39%) | Breakout: ↑$2,152.75 / ↓$2,119.03
2026-04-01 16:49:43 [INFO] backend.scheduler.bot_runner: [ETHUSD] Price: $2,144.65 | Breakout: UP $2,152.75 ($8.10 away) / DOWN $2,119.03 ($25.62 away) | Pos: None
2026-04-01 16:49:43 [INFO] apscheduler.executors.default: Job "BotRunner._run_strategy_check (trigger: interval[0:00:10], next run at: 2026-04-01 16:49:52 UTC)" executed successfully
2026-04-01 16:49:52 [DEBUG] apscheduler.scheduler: Looking for jobs to run
2026-04-01 16:49:52 [DEBUG] apscheduler.scheduler: Next wakeup is due at 2026-04-01 16:50:02.585396+00:00 (in 9.995409 seconds)
2026-04-01 16:49:52 [INFO] apscheduler.executors.default: Running job "BotRunner._run_strategy_check (trigger: interval[0:00:10], next run at: 2026-04-01 16:50:02 UTC)" (scheduled at 2026-04-01 16:49:52.585396+00:00)
2026-04-01 16:49:53 [DEBUG] urllib3.connectionpool: https://cdn-ind.testnet.deltaex.org:443 "GET /v2/history/candles?resolution=15m&symbol=BTCUSD&start=1775055892&end=1775062192 HTTP/1.1" 200 691
2026-04-01 16:49:53 [DEBUG] backend.exchange.delta_client: Fetched 7 candles for BTCUSD (15m)
2026-04-01 16:49:53 [INFO] backend.strategy.trend_hunter: [BTCUSD] Candle range (7 candles) | H: $68,958.30 L: $68,379.50 | Spread: $578.80 (0.85%) | Breakout: ↑$69,027.26 / ↓$68,311.12
2026-04-01 16:49:53 [INFO] backend.scheduler.bot_runner: [BTCUSD] Price: $68,810.60 | Breakout: UP $69,027.26 ($216.66 away) / DOWN $68,311.12 ($499.48 away) | Pos: None
2026-04-01 16:49:53 [DEBUG] urllib3.connectionpool: https://cdn-ind.testnet.deltaex.org:443 "GET /v2/history/candles?resolution=15m&symbol=ETHUSD&start=1775055893&end=1775062193 HTTP/1.1" 200 670
2026-04-01 16:49:53 [DEBUG] backend.exchange.delta_client: Fetched 7 candles for ETHUSD (15m)
2026-04-01 16:49:53 [INFO] backend.strategy.trend_hunter: [ETHUSD] Candle range (7 candles) | H: $2,150.60 L: $2,121.15 | Spread: $29.45 (1.39%) | Breakout: ↑$2,152.75 / ↓$2,119.03
2026-04-01 16:49:53 [INFO] backend.scheduler.bot_runner: [ETHUSD] Price: $2,144.65 | Breakout: UP $2,152.75 ($8.10 away) / DOWN $2,119.03 ($25.62 away) | Pos: None
2026-04-01 16:49:53 [INFO] apscheduler.executors.default: Job "BotRunner._run_strategy_check (trigger: interval[0:00:10], next run at: 2026-04-01 16:50:02 UTC)" executed successfully
2026-04-01 16:50:02 [DEBUG] apscheduler.scheduler: Looking for jobs to run
2026-04-01 16:50:02 [DEBUG] apscheduler.scheduler: Next wakeup is due at 2026-04-01 16:50:12.585396+00:00 (in 9.995071 seconds)
2026-04-01 16:50:02 [INFO] apscheduler.executors.default: Running job "BotRunner._run_strategy_check (trigger: interval[0:00:10], next run at: 2026-04-01 16:50:12 UTC)" (scheduled at 2026-04-01 16:50:02.585396+00:00)
2026-04-01 16:50:03 [DEBUG] urllib3.connectionpool: https://cdn-ind.testnet.deltaex.org:443 "GET /v2/history/candles?resolution=15m&symbol=BTCUSD&start=1775055902&end=1775062202 HTTP/1.1" 200 689
2026-04-01 16:50:03 [DEBUG] backend.exchange.delta_client: Fetched 7 candles for BTCUSD (15m)
2026-04-01 16:50:03 [INFO] backend.strategy.trend_hunter: [BTCUSD] Candle range (7 candles) | H: $68,958.30 L: $68,379.50 | Spread: $578.80 (0.85%) | Breakout: ↑$69,027.26 / ↓$68,311.12
2026-04-01 16:50:03 [INFO] backend.scheduler.bot_runner: [BTCUSD] Price: $68,821.10 | Breakout: UP $69,027.26 ($206.16 away) / DOWN $68,311.12 ($509.98 away) | Pos: None
2026-04-01 16:50:03 [DEBUG] urllib3.connectionpool: https://cdn-ind.testnet.deltaex.org:443 "GET /v2/history/candles?resolution=15m&symbol=ETHUSD&start=1775055903&end=1775062203 HTTP/1.1" 200 669
2026-04-01 16:50:03 [DEBUG] backend.exchange.delta_client: Fetched 7 candles for ETHUSD (15m)
2026-04-01 16:50:03 [INFO] backend.strategy.trend_hunter: [ETHUSD] Candle range (7 candles) | H: $2,150.60 L: $2,121.15 | Spread: $29.45 (1.39%) | Breakout: ↑$2,152.75 / ↓$2,119.03
2026-04-01 16:50:03 [INFO] backend.scheduler.bot_runner: [ETHUSD] Price: $2,146.10 | Breakout: UP $2,152.75 ($6.65 away) / DOWN $2,119.03 ($27.07 away) | Pos: None
2026-04-01 16:50:03 [INFO] apscheduler.executors.default: Job "BotRunner._run_strategy_check (trigger: interval[0:00:10], next run at: 2026-04-01 16:50:12 UTC)" executed successfully
2026-04-01 16:50:04 [DEBUG] websockets.client: % sending keepalive ping
2026-04-01 16:50:04 [DEBUG] websockets.client: > PING 55 b5 f8 9b [binary, 4 bytes]
2026-04-01 16:50:04 [DEBUG] websockets.client: < PONG 55 b5 f8 9b [binary, 4 bytes]
2026-04-01 16:50:04 [DEBUG] websockets.client: % received keepalive pong
2026-04-01 16:50:12 [DEBUG] apscheduler.scheduler: Looking for jobs to run
2026-04-01 16:50:12 [DEBUG] apscheduler.scheduler: Next wakeup is due at 2026-04-01 16:50:22.585396+00:00 (in 9.994756 seconds)
2026-04-01 16:50:12 [INFO] apscheduler.executors.default: Running job "BotRunner._run_strategy_check (trigger: interval[0:00:10], next run at: 2026-04-01 16:50:22 UTC)" (scheduled at 2026-04-01 16:50:12.585396+00:00)
2026-04-01 16:50:13 [DEBUG] urllib3.connectionpool: https://cdn-ind.testnet.deltaex.org:443 "GET /v2/history/candles?resolution=15m&symbol=BTCUSD&start=1775055912&end=1775062212 HTTP/1.1" 200 689
2026-04-01 16:50:13 [DEBUG] backend.exchange.delta_client: Fetched 7 candles for BTCUSD (15m)
2026-04-01 16:50:13 [INFO] backend.strategy.trend_hunter: [BTCUSD] Candle range (7 candles) | H: $68,958.30 L: $68,379.50 | Spread: $578.80 (0.85%) | Breakout: ↑$69,027.26 / ↓$68,311.12
2026-04-01 16:50:13 [INFO] backend.scheduler.bot_runner: [BTCUSD] Price: $68,821.10 | Breakout: UP $69,027.26 ($206.16 away) / DOWN $68,311.12 ($509.98 away) | Pos: None
2026-04-01 16:50:13 [DEBUG] urllib3.connectionpool: https://cdn-ind.testnet.deltaex.org:443 "GET /v2/history/candles?resolution=15m&symbol=ETHUSD&start=1775055913&end=1775062213 HTTP/1.1" 200 669
2026-04-01 16:50:13 [DEBUG] backend.exchange.delta_client: Fetched 7 candles for ETHUSD (15m)
2026-04-01 16:50:13 [INFO] backend.strategy.trend_hunter: [ETHUSD] Candle range (7 candles) | H: $2,150.60 L: $2,121.15 | Spread: $29.45 (1.39%) | Breakout: ↑$2,152.75 / ↓$2,119.03
2026-04-01 16:50:13 [INFO] backend.scheduler.bot_runner: [ETHUSD] Price: $2,146.10 | Breakout: UP $2,152.75 ($6.65 away) / DOWN $2,119.03 ($27.07 away) | Pos: None
2026-04-01 16:50:13 [INFO] apscheduler.executors.default: Job "BotRunner._run_strategy_check (trigger: interval[0:00:10], next run at: 2026-04-01 16:50:22 UTC)" executed successfully
2026-04-01 16:50:22 [DEBUG] apscheduler.scheduler: Looking for jobs to run
2026-04-01 16:50:22 [DEBUG] apscheduler.scheduler: Next wakeup is due at 2026-04-01 16:50:32.585396+00:00 (in 9.997702 seconds)
2026-04-01 16:50:22 [INFO] apscheduler.executors.default: Running job "BotRunner._run_strategy_check (trigger: interval[0:00:10], next run at: 2026-04-01 16:50:32 UTC)" (scheduled at 2026-04-01 16:50:22.585396+00:00)
2026-04-01 16:50:22 [DEBUG] urllib3.connectionpool: https://cdn-ind.testnet.deltaex.org:443 "GET /v2/history/candles?resolution=15m&symbol=BTCUSD&start=1775055922&end=1775062222 HTTP/1.1" 200 689
2026-04-01 16:50:22 [DEBUG] backend.exchange.delta_client: Fetched 7 candles for BTCUSD (15m)
2026-04-01 16:50:22 [INFO] backend.strategy.trend_hunter: [BTCUSD] Candle range (7 candles) | H: $68,958.30 L: $68,379.50 | Spread: $578.80 (0.85%) | Breakout: ↑$69,027.26 / ↓$68,311.12
2026-04-01 16:50:22 [INFO] backend.scheduler.bot_runner: [BTCUSD] Price: $68,821.10 | Breakout: UP $69,027.26 ($206.16 away) / DOWN $68,311.12 ($509.98 away) | Pos: None
2026-04-01 16:50:23 [DEBUG] urllib3.connectionpool: https://cdn-ind.testnet.deltaex.org:443 "GET /v2/history/candles?resolution=15m&symbol=ETHUSD&start=1775055922&end=1775062222 HTTP/1.1" 200 669
2026-04-01 16:50:23 [DEBUG] backend.exchange.delta_client: Fetched 7 candles for ETHUSD (15m)
2026-04-01 16:50:23 [INFO] backend.strategy.trend_hunter: [ETHUSD] Candle range (7 candles) | H: $2,150.60 L: $2,121.15 | Spread: $29.45 (1.39%) | Breakout: ↑$2,152.75 / ↓$2,119.03
2026-04-01 16:50:23 [INFO] backend.scheduler.bot_runner: [ETHUSD] Price: $2,146.10 | Breakout: UP $2,152.75 ($6.65 away) / DOWN $2,119.03 ($27.07 away) | Pos: None
2026-04-01 16:50:23 [INFO] apscheduler.executors.default: Job "BotRunner._run_strategy_check (trigger: interval[0:00:10], next run at: 2026-04-01 16:50:32 UTC)" executed successfully
2026-04-01 16:50:32 [DEBUG] apscheduler.scheduler: Looking for jobs to run
2026-04-01 16:50:32 [DEBUG] apscheduler.scheduler: Next wakeup is due at 2026-04-01 16:50:42.585396+00:00 (in 9.994580 seconds)
2026-04-01 16:50:32 [INFO] apscheduler.executors.default: Running job "BotRunner._run_strategy_check (trigger: interval[0:00:10], next run at: 2026-04-01 16:50:42 UTC)" (scheduled at 2026-04-01 16:50:32.585396+00:00)
2026-04-01 16:50:33 [DEBUG] urllib3.connectionpool: https://cdn-ind.testnet.deltaex.org:443 "GET /v2/history/candles?resolution=15m&symbol=BTCUSD&start=1775055932&end=1775062232 HTTP/1.1" 200 689
2026-04-01 16:50:33 [DEBUG] backend.exchange.delta_client: Fetched 7 candles for BTCUSD (15m)
2026-04-01 16:50:33 [INFO] backend.strategy.trend_hunter: [BTCUSD] Candle range (7 candles) | H: $68,958.30 L: $68,379.50 | Spread: $578.80 (0.85%) | Breakout: ↑$69,027.26 / ↓$68,311.12
2026-04-01 16:50:33 [INFO] backend.scheduler.bot_runner: [BTCUSD] Price: $68,821.10 | Breakout: UP $69,027.26 ($206.16 away) / DOWN $68,311.12 ($509.98 away) | Pos: None
2026-04-01 16:50:33 [DEBUG] urllib3.connectionpool: https://cdn-ind.testnet.deltaex.org:443 "GET /v2/history/candles?resolution=15m&symbol=ETHUSD&start=1775055933&end=1775062233 HTTP/1.1" 200 669
2026-04-01 16:50:33 [DEBUG] backend.exchange.delta_client: Fetched 7 candles for ETHUSD (15m)
2026-04-01 16:50:33 [INFO] backend.strategy.trend_hunter: [ETHUSD] Candle range (7 candles) | H: $2,150.60 L: $2,121.15 | Spread: $29.45 (1.39%) | Breakout: ↑$2,152.75 / ↓$2,119.03
2026-04-01 16:50:33 [INFO] backend.scheduler.bot_runner: [ETHUSD] Price: $2,146.10 | Breakout: UP $2,152.75 ($6.65 away) / DOWN $2,119.03 ($27.07 away) | Pos: None
2026-04-01 16:50:33 [INFO] apscheduler.executors.default: Job "BotRunner._run_strategy_check (trigger: interval[0:00:10], next run at: 2026-04-01 16:50:42 UTC)" executed successfully
2026-04-01 16:50:33 [INFO] apscheduler.executors.default: Running job "BotRunner._health_check (trigger: interval[0:01:00], next run at: 2026-04-01 16:51:32 UTC)" (scheduled at 2026-04-01 16:50:32.585906+00:00)
2026-04-01 16:50:33 [INFO] apscheduler.executors.default: Job "BotRunner._health_check (trigger: interval[0:01:00], next run at: 2026-04-01 16:51:32 UTC)" executed successfully
2026-04-01 16:50:34 [DEBUG] websockets.client: % sending keepalive ping
2026-04-01 16:50:34 [DEBUG] websockets.client: > PING 9c 5d 10 30 [binary, 4 bytes]
2026-04-01 16:50:34 [DEBUG] websockets.client: < PONG 9c 5d 10 30 [binary, 4 bytes]
2026-04-01 16:50:34 [DEBUG] websockets.client: % received keepalive pong
2026-04-01 16:50:42 [DEBUG] apscheduler.scheduler: Looking for jobs to run
2026-04-01 16:50:42 [DEBUG] apscheduler.scheduler: Next wakeup is due at 2026-04-01 16:50:52.585396+00:00 (in 9.997936 seconds)
2026-04-01 16:50:42 [INFO] apscheduler.executors.default: Running job "BotRunner._run_strategy_check (trigger: interval[0:00:10], next run at: 2026-04-01 16:50:52 UTC)" (scheduled at 2026-04-01 16:50:42.585396+00:00)
2026-04-01 16:50:43 [DEBUG] urllib3.connectionpool: https://cdn-ind.testnet.deltaex.org:443 "GET /v2/history/candles?resolution=15m&symbol=BTCUSD&start=1775055942&end=1775062242 HTTP/1.1" 200 689
2026-04-01 16:50:43 [DEBUG] backend.exchange.delta_client: Fetched 7 candles for BTCUSD (15m)
2026-04-01 16:50:43 [INFO] backend.strategy.trend_hunter: [BTCUSD] Candle range (7 candles) | H: $68,958.30 L: $68,379.50 | Spread: $578.80 (0.85%) | Breakout: ↑$69,027.26 / ↓$68,311.12
2026-04-01 16:50:43 [INFO] backend.scheduler.bot_runner: [BTCUSD] Price: $68,821.10 | Breakout: UP $69,027.26 ($206.16 away) / DOWN $68,311.12 ($509.98 away) | Pos: None
2026-04-01 16:50:43 [DEBUG] urllib3.connectionpool: https://cdn-ind.testnet.deltaex.org:443 "GET /v2/history/candles?resolution=15m&symbol=ETHUSD&start=1775055943&end=1775062243 HTTP/1.1" 200 669
2026-04-01 16:50:43 [DEBUG] backend.exchange.delta_client: Fetched 7 candles for ETHUSD (15m)
2026-04-01 16:50:43 [INFO] backend.strategy.trend_hunter: [ETHUSD] Candle range (7 candles) | H: $2,150.60 L: $2,121.15 | Spread: $29.45 (1.39%) | Breakout: ↑$2,152.75 / ↓$2,119.03
2026-04-01 16:50:43 [INFO] backend.scheduler.bot_runner: [ETHUSD] Price: $2,146.10 | Breakout: UP $2,152.75 ($6.65 away) / DOWN $2,119.03 ($27.07 away) | Pos: None
2026-04-01 16:50:43 [INFO] apscheduler.executors.default: Job "BotRunner._run_strategy_check (trigger: interval[0:00:10], next run at: 2026-04-01 16:50:52 UTC)" executed successfully
2026-04-01 16:50:52 [DEBUG] apscheduler.scheduler: Looking for jobs to run
2026-04-01 16:50:52 [DEBUG] apscheduler.scheduler: Next wakeup is due at 2026-04-01 16:51:02.585396+00:00 (in 9.998477 seconds)
2026-04-01 16:50:52 [INFO] apscheduler.executors.default: Running job "BotRunner._run_strategy_check (trigger: interval[0:00:10], next run at: 2026-04-01 16:51:02 UTC)" (scheduled at 2026-04-01 16:50:52.585396+00:00)
2026-04-01 16:50:53 [DEBUG] urllib3.connectionpool: https://cdn-ind.testnet.deltaex.org:443 "GET /v2/history/candles?resolution=15m&symbol=BTCUSD&start=1775055952&end=1775062252 HTTP/1.1" 200 689
2026-04-01 16:50:53 [DEBUG] backend.exchange.delta_client: Fetched 7 candles for BTCUSD (15m)
2026-04-01 16:50:53 [INFO] backend.strategy.trend_hunter: [BTCUSD] Candle range (7 candles) | H: $68,958.30 L: $68,379.50 | Spread: $578.80 (0.85%) | Breakout: ↑$69,027.26 / ↓$68,311.12
2026-04-01 16:50:53 [INFO] backend.scheduler.bot_runner: [BTCUSD] Price: $68,821.10 | Breakout: UP $69,027.26 ($206.16 away) / DOWN $68,311.12 ($509.98 away) | Pos: None
2026-04-01 16:50:53 [DEBUG] urllib3.connectionpool: https://cdn-ind.testnet.deltaex.org:443 "GET /v2/history/candles?resolution=15m&symbol=ETHUSD&start=1775055953&end=1775062253 HTTP/1.1" 200 669
2026-04-01 16:50:53 [DEBUG] backend.exchange.delta_client: Fetched 7 candles for ETHUSD (15m)
2026-04-01 16:50:53 [INFO] backend.strategy.trend_hunter: [ETHUSD] Candle range (7 candles) | H: $2,150.60 L: $2,121.15 | Spread: $29.45 (1.39%) | Breakout: ↑$2,152.75 / ↓$2,119.03
2026-04-01 16:50:53 [INFO] backend.scheduler.bot_runner: [ETHUSD] Price: $2,146.10 | Breakout: UP $2,152.75 ($6.65 away) / DOWN $2,119.03 ($27.07 away) | Pos: None
2026-04-01 16:50:53 [INFO] apscheduler.executors.default: Job "BotRunner._run_strategy_check (trigger: interval[0:00:10], next run at: 2026-04-01 16:51:02 UTC)" executed successfully
2026-04-01 16:51:02 [DEBUG] apscheduler.scheduler: Looking for jobs to run
2026-04-01 16:51:02 [DEBUG] apscheduler.scheduler: Next wakeup is due at 2026-04-01 16:51:12.585396+00:00 (in 9.983272 seconds)
2026-04-01 16:51:02 [INFO] apscheduler.executors.default: Running job "BotRunner._run_strategy_check (trigger: interval[0:00:10], next run at: 2026-04-01 16:51:12 UTC)" (scheduled at 2026-04-01 16:51:02.585396+00:00)
2026-04-01 16:51:02 [DEBUG] urllib3.connectionpool: https://cdn-ind.testnet.deltaex.org:443 "GET /v2/history/candles?resolution=15m&symbol=BTCUSD&start=1775055962&end=1775062262 HTTP/1.1" 200 689
2026-04-01 16:51:02 [DEBUG] backend.exchange.delta_client: Fetched 7 candles for BTCUSD (15m)
2026-04-01 16:51:02 [INFO] backend.strategy.trend_hunter: [BTCUSD] Candle range (7 candles) | H: $68,958.30 L: $68,379.50 | Spread: $578.80 (0.85%) | Breakout: ↑$69,027.26 / ↓$68,311.12
2026-04-01 16:51:02 [INFO] backend.scheduler.bot_runner: [BTCUSD] Price: $68,830.10 | Breakout: UP $69,027.26 ($197.16 away) / DOWN $68,311.12 ($518.98 away) | Pos: None
2026-04-01 16:51:03 [DEBUG] urllib3.connectionpool: https://cdn-ind.testnet.deltaex.org:443 "GET /v2/history/candles?resolution=15m&symbol=ETHUSD&start=1775055962&end=1775062262 HTTP/1.1" 200 670
2026-04-01 16:51:03 [DEBUG] backend.exchange.delta_client: Fetched 7 candles for ETHUSD (15m)
2026-04-01 16:51:03 [INFO] backend.strategy.trend_hunter: [ETHUSD] Candle range (7 candles) | H: $2,150.60 L: $2,121.15 | Spread: $29.45 (1.39%) | Breakout: ↑$2,152.75 / ↓$2,119.03
2026-04-01 16:51:03 [INFO] backend.scheduler.bot_runner: [ETHUSD] Price: $2,146.15 | Breakout: UP $2,152.75 ($6.60 away) / DOWN $2,119.03 ($27.12 away) | Pos: None
2026-04-01 16:51:03 [INFO] apscheduler.executors.default: Job "BotRunner._run_strategy_check (trigger: interval[0:00:10], next run at: 2026-04-01 16:51:12 UTC)" executed successfully
2026-04-01 16:51:04 [DEBUG] websockets.client: % sending keepalive ping
2026-04-01 16:51:04 [DEBUG] websockets.client: > PING 84 77 41 cd [binary, 4 bytes]
2026-04-01 16:51:04 [DEBUG] websockets.client: < PONG 84 77 41 cd [binary, 4 bytes]
2026-04-01 16:51:04 [DEBUG] websockets.client: % received keepalive pong
2026-04-01 16:51:12 [DEBUG] apscheduler.scheduler: Looking for jobs to run
2026-04-01 16:51:12 [DEBUG] apscheduler.scheduler: Next wakeup is due at 2026-04-01 16:51:22.585396+00:00 (in 9.998051 seconds)
2026-04-01 16:51:12 [INFO] apscheduler.executors.default: Running job "BotRunner._run_strategy_check (trigger: interval[0:00:10], next run at: 2026-04-01 16:51:22 UTC)" (scheduled at 2026-04-01 16:51:12.585396+00:00)
2026-04-01 16:51:13 [DEBUG] urllib3.connectionpool: https://cdn-ind.testnet.deltaex.org:443 "GET /v2/history/candles?resolution=15m&symbol=BTCUSD&start=1775055972&end=1775062272 HTTP/1.1" 200 689
2026-04-01 16:51:13 [DEBUG] backend.exchange.delta_client: Fetched 7 candles for BTCUSD (15m)
2026-04-01 16:51:13 [INFO] backend.strategy.trend_hunter: [BTCUSD] Candle range (7 candles) | H: $68,958.30 L: $68,379.50 | Spread: $578.80 (0.85%) | Breakout: ↑$69,027.26 / ↓$68,311.12
2026-04-01 16:51:13 [INFO] backend.scheduler.bot_runner: [BTCUSD] Price: $68,830.10 | Breakout: UP $69,027.26 ($197.16 away) / DOWN $68,311.12 ($518.98 away) | Pos: None
2026-04-01 16:51:13 [DEBUG] urllib3.connectionpool: https://cdn-ind.testnet.deltaex.org:443 "GET /v2/history/candles?resolution=15m&symbol=ETHUSD&start=1775055973&end=1775062273 HTTP/1.1" 200 670
2026-04-01 16:51:13 [DEBUG] backend.exchange.delta_client: Fetched 7 candles for ETHUSD (15m)
2026-04-01 16:51:13 [INFO] backend.strategy.trend_hunter: [ETHUSD] Candle range (7 candles) | H: $2,150.60 L: $2,121.15 | Spread: $29.45 (1.39%) | Breakout: ↑$2,152.75 / ↓$2,119.03
2026-04-01 16:51:13 [INFO] backend.scheduler.bot_runner: [ETHUSD] Price: $2,146.15 | Breakout: UP $2,152.75 ($6.60 away) / DOWN $2,119.03 ($27.12 away) | Pos: None
2026-04-01 16:51:13 [INFO] apscheduler.executors.default: Job "BotRunner._run_strategy_check (trigger: interval[0:00:10], next run at: 2026-04-01 16:51:22 UTC)" executed successfully
2026-04-01 16:51:22 [DEBUG] apscheduler.scheduler: Looking for jobs to run
2026-04-01 16:51:22 [DEBUG] apscheduler.scheduler: Next wakeup is due at 2026-04-01 16:51:32.585396+00:00 (in 9.983020 seconds)
2026-04-01 16:51:22 [INFO] apscheduler.executors.default: Running job "BotRunner._run_strategy_check (trigger: interval[0:00:10], next run at: 2026-04-01 16:51:32 UTC)" (scheduled at 2026-04-01 16:51:22.585396+00:00)
2026-04-01 16:51:22 [DEBUG] urllib3.connectionpool: https://cdn-ind.testnet.deltaex.org:443 "GET /v2/history/candles?resolution=15m&symbol=BTCUSD&start=1775055982&end=1775062282 HTTP/1.1" 200 689
2026-04-01 16:51:22 [DEBUG] backend.exchange.delta_client: Fetched 7 candles for BTCUSD (15m)
2026-04-01 16:51:22 [INFO] backend.strategy.trend_hunter: [BTCUSD] Candle range (7 candles) | H: $68,958.30 L: $68,379.50 | Spread: $578.80 (0.85%) | Breakout: ↑$69,027.26 / ↓$68,311.12
2026-04-01 16:51:22 [INFO] backend.scheduler.bot_runner: [BTCUSD] Price: $68,830.10 | Breakout: UP $69,027.26 ($197.16 away) / DOWN $68,311.12 ($518.98 away) | Pos: None
2026-04-01 16:51:23 [DEBUG] urllib3.connectionpool: https://cdn-ind.testnet.deltaex.org:443 "GET /v2/history/candles?resolution=15m&symbol=ETHUSD&start=1775055982&end=1775062282 HTTP/1.1" 200 670
2026-04-01 16:51:23 [DEBUG] backend.exchange.delta_client: Fetched 7 candles for ETHUSD (15m)
2026-04-01 16:51:23 [INFO] backend.strategy.trend_hunter: [ETHUSD] Candle range (7 candles) | H: $2,150.60 L: $2,121.15 | Spread: $29.45 (1.39%) | Breakout: ↑$2,152.75 / ↓$2,119.03
2026-04-01 16:51:23 [INFO] backend.scheduler.bot_runner: [ETHUSD] Price: $2,146.15 | Breakout: UP $2,152.75 ($6.60 away) / DOWN $2,119.03 ($27.12 away) | Pos: None
2026-04-01 16:51:23 [INFO] apscheduler.executors.default: Job "BotRunner._run_strategy_check (trigger: interval[0:00:10], next run at: 2026-04-01 16:51:32 UTC)" executed successfully
