[2026-04-01T16:14:37.282719] Strategy check | Symbols: ['BTCUSD', 'ETHUSD'] | candle_res=15m lookback=6
  [BTCUSD] Fetching 6x 15m candles...
  [BTCUSD] Got 7 candles
  [BTCUSD] Price: $68,670.80 | Breakout: UP $68,991.52 ($320.72 away) / DOWN $68,150.58 ($520.22 away) | Pos: None
  [ETHUSD] Fetching 6x 15m candles...
  [ETHUSD] Got 7 candles
  [ETHUSD] Price: $2,126.85 | Breakout: UP $2,139.14 ($12.29 away) / DOWN $2,112.09 ($14.76 away) | Pos: None
[2026-04-01T16:15:07.282237] Strategy check | Symbols: ['BTCUSD', 'ETHUSD'] | candle_res=15m lookback=6
  [BTCUSD] Fetching 6x 15m candles...
  [BTCUSD] Got 6 candles
  [BTCUSD] Price: $68,637.30 | Breakout: UP $68,991.52 ($354.22 away) / DOWN $68,254.78 ($382.52 away) | Pos: None
  [ETHUSD] Fetching 6x 15m candles...
  [ETHUSD] Got 6 candles
  [ETHUSD] Price: $2,126.05 | Breakout: UP $2,139.14 ($13.09 away) / DOWN $2,116.58 ($9.47 away) | Pos: None
[2026-04-01T16:15:37.282539] Strategy check | Symbols: ['BTCUSD', 'ETHUSD'] | candle_res=15m lookback=6
  [BTCUSD] Fetching 6x 15m candles...
  [BTCUSD] Got 6 candles
  [BTCUSD] Price: $68,637.30 | Breakout: UP $68,991.52 ($354.22 away) / DOWN $68,254.78 ($382.52 away) | Pos: None
  [ETHUSD] Fetching 6x 15m candles...
  [ETHUSD] Got 6 candles
  [ETHUSD] Price: $2,126.05 | Breakout: UP $2,139.14 ($13.09 away) / DOWN $2,116.58 ($9.47 away) | Pos: None
[2026-04-01T16:16:07.283097] Strategy check | Symbols: ['BTCUSD', 'ETHUSD'] | candle_res=15m lookback=6
  [BTCUSD] Fetching 6x 15m candles...
  [BTCUSD] Got 7 candles
  [BTCUSD] Price: $68,640.30 | Breakout: UP $68,991.52 ($351.22 away) / DOWN $68,254.78 ($385.52 away) | Pos: None
  [ETHUSD] Fetching 6x 15m candles...
  [ETHUSD] Got 7 candles
  [ETHUSD] Price: $2,126.75 | Breakout: UP $2,139.14 ($12.39 away) / DOWN $2,116.58 ($10.17 away) | Pos: None
[2026-04-01T16:16:37.282262] Strategy check | Symbols: ['BTCUSD', 'ETHUSD'] | candle_res=15m lookback=6
  [BTCUSD] Fetching 6x 15m candles...
  [BTCUSD] Got 7 candles
  [BTCUSD] Price: $68,640.30 | Breakout: UP $68,991.52 ($351.22 away) / DOWN $68,254.78 ($385.52 away) | Pos: None
  [ETHUSD] Fetching 6x 15m candles...
  [ETHUSD] Got 7 candles
  [ETHUSD] Price: $2,126.75 | Breakout: UP $2,139.14 ($12.39 away) / DOWN $2,116.58 ($10.17 away) | Pos: None
[2026-04-01T16:17:07.281787] Strategy check | Symbols: ['BTCUSD', 'ETHUSD'] | candle_res=15m lookback=6
  [BTCUSD] Fetching 6x 15m candles...
  [BTCUSD] Got 7 candles
  [BTCUSD] Price: $68,572.80 | Breakout: UP $68,991.52 ($418.72 away) / DOWN $68,254.78 ($318.02 away) | Pos: None
  [ETHUSD] Fetching 6x 15m candles...
  [ETHUSD] Got 7 candles
  [ETHUSD] Price: $2,125.70 | Breakout: UP $2,139.14 ($13.44 away) / DOWN $2,116.58 ($9.12 away) | Pos: None
[2026-04-01T16:17:37.284552] Strategy check | Symbols: ['BTCUSD', 'ETHUSD'] | candle_res=15m lookback=6
  [BTCUSD] Fetching 6x 15m candles...
  [BTCUSD] Got 7 candles
  [BTCUSD] Price: $68,572.80 | Breakout: UP $68,991.52 ($418.72 away) / DOWN $68,254.78 ($318.02 away) | Pos: None
  [ETHUSD] Fetching 6x 15m candles...
  [ETHUSD] Got 7 candles
  [ETHUSD] Price: $2,125.70 | Breakout: UP $2,139.14 ($13.44 away) / DOWN $2,116.58 ($9.12 away) | Pos: None
[2026-04-01T16:18:07.284911] Strategy check | Symbols: ['BTCUSD', 'ETHUSD'] | candle_res=15m lookback=6
  [BTCUSD] Fetching 6x 15m candles...
  [BTCUSD] Got 7 candles
  [BTCUSD] Price: $68,619.50 | Breakout: UP $68,991.52 ($372.02 away) / DOWN $68,254.78 ($364.72 away) | Pos: None
  [ETHUSD] Fetching 6x 15m candles...
  [ETHUSD] Got 7 candles
  [ETHUSD] Price: $2,126.25 | Breakout: UP $2,139.14 ($12.89 away) / DOWN $2,116.58 ($9.67 away) | Pos: None
[2026-04-01T16:18:37.283823] Strategy check | Symbols: ['BTCUSD', 'ETHUSD'] | candle_res=15m lookback=6
  [BTCUSD] Fetching 6x 15m candles...
  [BTCUSD] Got 7 candles
  [BTCUSD] Price: $68,619.50 | Breakout: UP $68,991.52 ($372.02 away) / DOWN $68,254.78 ($364.72 away) | Pos: None
  [ETHUSD] Fetching 6x 15m candles...
  [ETHUSD] Got 7 candles
  [ETHUSD] Price: $2,126.25 | Breakout: UP $2,139.14 ($12.89 away) / DOWN $2,116.58 ($9.67 away) | Pos: None
[2026-04-01T16:19:07.282373] Strategy check | Symbols: ['BTCUSD', 'ETHUSD'] | candle_res=15m lookback=6
  [BTCUSD] Fetching 6x 15m candles...
  [BTCUSD] Got 7 candles
  [BTCUSD] Price: $68,601.10 | Breakout: UP $68,991.52 ($390.42 away) / DOWN $68,254.78 ($346.32 away) | Pos: None
  [ETHUSD] Fetching 6x 15m candles...
  [ETHUSD] Got 7 candles
  [ETHUSD] Price: $2,126.90 | Breakout: UP $2,139.14 ($12.24 away) / DOWN $2,116.58 ($10.32 away) | Pos: None
